[08/10/2018 05:53] Not fitz/Zemo(417445689249890304) banned thedevil_1 | AS(449612068870684673), deleting 7 days worth of messages
[08/10/2018 08:43] Not fitz/Zemo(417445689249890304) deleted 50 messages in channel talk
[08/10/2018 08:43] Not fitz/Zemo(417445689249890304) deleted 50 messages in channel talk
[08/10/2018 08:44] Not fitz/Zemo(417445689249890304) deleted 5 messages in channel commands
[08/10/2018 08:44] Not fitz/Zemo(417445689249890304) deleted 5 messages in channel commands
[08/10/2018 08:47] Not fitz/Zemo(417445689249890304) deleted 25 messages in channel commands
[08/10/2018 08:47] Not fitz/Zemo(417445689249890304) deleted 25 messages in channel commands
[08/10/2018 09:07] Not fitz/Zemo(417445689249890304) deleted 5 messages in channel commands
[08/10/2018 09:07] Not fitz/Zemo(417445689249890304) deleted 5 messages in channel commands
[08/10/2018 17:30] Not fitz/Zemo(417445689249890304) deleted 10 messages in channel commands
[10/10/2018 12:27] Not fitz/Zemo(417445689249890304) deleted 15 messages in channel general
[13/10/2018 07:28] Not fitz/Zemo(417445689249890304) deleted 10 messages in channel talk
[13/10/2018 07:28] Not fitz/Zemo(417445689249890304) deleted 10 messages in channel talk
[13/10/2018 07:28] Not fitz/Zemo(417445689249890304) deleted 10 messages in channel talk
[13/10/2018 07:29] Not fitz/Zemo(417445689249890304) deleted 10 messages in channel commands
[13/10/2018 07:29] Not fitz/Zemo(417445689249890304) deleted 10 messages in channel commands
[13/10/2018 15:34] Not fitz/Zemo(417445689249890304) banned Ice(453657391456583680), deleting 0 days worth of messages
[13/10/2018 16:09] Not fitz/Zemo(417445689249890304) deleted 30 messages in channel screenshots
[13/10/2018 16:09] Not fitz/Zemo(417445689249890304) kicked Pepsi(336309968108126208)
[13/10/2018 16:10] Not fitz/Zemo(417445689249890304) deleted 50 messages in channel screenshots
[13/10/2018 16:44] Not fitz/Zemo(417445689249890304) banned Pepsi(336309968108126208), deleting 7 days worth of messages
[13/10/2018 21:43] Not fitz/Zemo(417445689249890304) deleted 15 messages in channel talk
[13/10/2018 21:43] Not fitz/Zemo(417445689249890304) deleted 8 messages in channel talk
[13/10/2018 21:43] Not fitz/Zemo(417445689249890304) deleted 25 messages in channel talk
[13/10/2018 21:59] Not fitz/Zemo(417445689249890304) deleted 4 messages in channel commands
[14/10/2018 13:46] Not fitz/Zemo(417445689249890304) banned thedevil_1(449612068870684673), deleting 0 days worth of messages
[15/10/2018 13:39] Not fitz/Zemo(417445689249890304) deleted 20 messages in channel commands
[19/10/2018 15:02] Not fitz/Zemo(417445689249890304) banned CanadianCraftMC(477529700819009536), deleting 7 days worth of messages
[19/10/2018 15:02] Not fitz/Zemo(417445689249890304) deleted 50 messages in channel talk
[02/12/2018 22:07] zemo.mp6(417445689249890304) deleted 50 messages in channel talk
[02/12/2018 22:08] zemo.mp6(417445689249890304) deleted 1 messages in channel talk
[02/12/2018 22:08] zemo.mp6(417445689249890304) deleted 30 messages in channel talk
[02/12/2018 22:09] zemo.mp6(417445689249890304) deleted 30 messages in channel talk
[02/12/2018 22:09] zemo.mp6(417445689249890304) deleted 30 messages in channel talk
[02/12/2018 22:10] zemo.mp6(417445689249890304) deleted 20 messages in channel talk
[02/12/2018 22:10] zemo.mp6(417445689249890304) deleted 10 messages in channel talk
[04/12/2018 09:15] zemo.mp6(417445689249890304) deleted 10 messages in channel event-announcment
[05/12/2018 07:52] zemo.mp6(417445689249890304) deleted 7 messages in channel media-and-images
[05/12/2018 07:59] zemo.mp6(417445689249890304) deleted 7 messages in channel commands
[05/12/2018 08:04] zemo.mp6(417445689249890304) banned Tillier(252420631990239232), deleting 7 days worth of messages
[05/12/2018 08:11] zemo.mp6(417445689249890304) deleted 7 messages in channel media-and-images
[05/12/2018 08:11] zemo.mp6(417445689249890304) deleted 10 messages in channel media-and-images
[05/12/2018 12:28] zemo.mp6(417445689249890304) deleted 5 messages in channel media-and-images
[05/12/2018 12:28] zemo.mp6(417445689249890304) deleted 10 messages in channel media-and-images
[11/12/2018 20:24] zemo.mp6(417445689249890304) deleted 25 messages in channel commands
[15/12/2018 18:40] zemo.mp6(417445689249890304) deleted 10 messages in channel talk
[15/12/2018 18:45] zemo.mp6(417445689249890304) deleted 4 messages in channel talk
[16/12/2018 16:17] zemo.mp6(417445689249890304) deleted 10 messages in channel general
[16/12/2018 16:18] zemo.mp6(417445689249890304) deleted 50 messages in channel general
[16/12/2018 16:19] zemo.mp6(417445689249890304) deleted 50 messages in channel general
[16/12/2018 16:19] zemo.mp6(417445689249890304) deleted 20 messages in channel general
[16/12/2018 18:36] zemo.mp6(417445689249890304) banned yonick(302134647121379331), deleting 7 days worth of messages
[16/12/2018 18:50] Scep(290252557664780288) banned AcidViper(320559398307102721), deleting 7 days worth of messages
[16/12/2018 19:04] zemo.mp6(417445689249890304) deleted 50 messages in channel commands
[16/12/2018 19:07] zemo.mp6(417445689249890304) deleted 100 messages in channel commands
[16/12/2018 19:37] zemo.mp6(417445689249890304) deleted 25 messages in channel trivia
[16/12/2018 19:38] zemo.mp6(417445689249890304) deleted 40 messages in channel trivia
[16/12/2018 19:52] zemo.mp6(417445689249890304) deleted 1000 messages in channel trivia
[16/12/2018 19:52] zemo.mp6(417445689249890304) deleted 200 messages in channel trivia
[16/12/2018 19:56] zemo.mp6(417445689249890304) banned gcyrr(449986974783242251), deleting 7 days worth of messages
[16/12/2018 20:34] zemo.mp6(417445689249890304) banned gcyrr(449986974783242251), deleting 7 days worth of messages
[16/12/2018 22:56] zemo.mp6(417445689249890304) kicked ticko(150395484014379010)
[16/12/2018 22:57] zemo.mp6(417445689249890304) deleted 7 messages in channel memes
[16/12/2018 22:57] zemo.mp6(417445689249890304) deleted 5 messages in channel memes
[17/12/2018 04:25] zemo.mp6(417445689249890304) deleted 3 messages in channel bank-checking
[30/12/2018 18:36] zemo.mp6(417445689249890304) deleted 50 messages in channel commands
